<?xml version="1.0" encoding="UTF-8"?>
<!-- Generated by org.testng.reporters.JUnitXMLReporter -->
<testsuite ignored="0" hostname="Swagatikas-MacBook-Air.local" failures="1" tests="1" name="sprint1(failed)" time="0.052" errors="0" timestamp="2026-01-26T01:45:29 IST">
  <testcase classname="paractice.selenium.Testclass3" name="test" time="0.012">
    <failure type="java.lang.AssertionError">
      <![CDATA[java.lang.AssertionError: 
at paractice.selenium.Testclass3.test(Testclass3.java:13)
at java.base/java.util.ArrayList.forEach(ArrayList.java:1596)
... Removed 28 stack frames]]>
    </failure>
  </testcase> <!-- test -->
</testsuite> <!-- sprint1(failed) -->
