<?xml version="1.0" encoding="UTF-8"?>
<testng-results ignored="0" total="2" passed="2" failed="0" skipped="0">
  <reporter-output>
  </reporter-output>
  <suite started-at="2026-02-13T22:04:15 IST" name="Suite" finished-at="2026-02-13T22:04:15 IST" duration-ms="129">
    <groups>
    </groups>
    <test started-at="2026-02-13T22:04:15 IST" name="Test" finished-at="2026-02-13T22:04:15 IST" duration-ms="129">
      <class name="parallal">
        <test-method signature="test2()[pri:0, instance:parallal@1c5920df]" started-at="2026-02-13T22:04:15 IST" name="test2" finished-at="2026-02-13T22:04:15 IST" duration-ms="20" status="PASS">
          <reporter-output>
          </reporter-output>
        </test-method> <!-- test2 -->
        <test-method signature="test1()[pri:0, instance:parallal@1c5920df]" started-at="2026-02-13T22:04:15 IST" name="test1" finished-at="2026-02-13T22:04:15 IST" duration-ms="19" status="PASS">
          <reporter-output>
          </reporter-output>
        </test-method> <!-- test1 -->
      </class> <!-- parallal -->
    </test> <!-- Test -->
  </suite> <!-- Suite -->
</testng-results>
