<?xml version="1.0" encoding="UTF-8"?>
<testng-results ignored="0" total="1" passed="1" failed="0" skipped="0">
  <reporter-output>
  </reporter-output>
  <suite started-at="2026-02-17T19:51:51 IST" name="Default suite" finished-at="2026-02-17T19:51:57 IST" duration-ms="5576">
    <groups>
    </groups>
    <test started-at="2026-02-17T19:51:51 IST" name="Default test" finished-at="2026-02-17T19:51:57 IST" duration-ms="5576">
      <class name="WithTestNG">
        <test-method is-config="true" signature="setupReport()[pri:0, instance:WithTestNG@4bdeaabb]" started-at="2026-02-17T19:51:51 IST" name="setupReport" finished-at="2026-02-17T19:51:51 IST" duration-ms="163" status="PASS">
          <reporter-output>
          </reporter-output>
        </test-method> <!-- setupReport -->
        <test-method signature="test()[pri:0, instance:WithTestNG@4bdeaabb]" started-at="2026-02-17T19:51:51 IST" name="test" finished-at="2026-02-17T19:51:57 IST" duration-ms="5558" status="PASS">
          <reporter-output>
          </reporter-output>
        </test-method> <!-- test -->
        <test-method is-config="true" signature="tearDown()[pri:0, instance:WithTestNG@4bdeaabb]" started-at="2026-02-17T19:51:57 IST" name="tearDown" finished-at="2026-02-17T19:51:57 IST" duration-ms="310" status="PASS">
          <reporter-output>
          </reporter-output>
        </test-method> <!-- tearDown -->
      </class> <!-- WithTestNG -->
    </test> <!-- Default test -->
  </suite> <!-- Default suite -->
</testng-results>
