<?xml version="1.0" encoding="UTF-8"?>
<!-- Generated by org.testng.reporters.JUnitReportReporter -->
<testsuite hostname="Swagatikas-MacBook-Air.local" failures="0" tests="5" name="paractice.selenium.SeleniumTesting" time="0.012" errors="0" timestamp="2026-01-23T12:28:19 IST" skipped="0">
  <testcase classname="paractice.selenium.SeleniumTesting" name="test" time="0.004"/>
  <testcase classname="paractice.selenium.SeleniumTesting" name="test2" time="0.002"/>
  <testcase classname="paractice.selenium.SeleniumTesting" name="test3" time="0.002"/>
  <testcase classname="paractice.selenium.SeleniumTesting" name="test11" time="0.003"/>
  <testcase classname="paractice.selenium.SeleniumTesting" name="test4" time="0.001"/>
</testsuite> <!-- paractice.selenium.SeleniumTesting -->
