<?xml version="1.0" encoding="UTF-8"?>
<!-- Generated by org.testng.reporters.JUnitReportReporter -->
<testsuite hostname="Swagatikas-MacBook-Air.local" failures="0" tests="10" name="paractice.selenium.InvocationCount" time="0.013" errors="0" timestamp="2026-01-23T17:55:03 IST" skipped="0">
  <testcase classname="paractice.selenium.InvocationCount" name="invocation" time="0.000"/>
  <testcase classname="paractice.selenium.InvocationCount" name="invocation" time="0.001"/>
  <testcase classname="paractice.selenium.InvocationCount" name="invocation" time="0.000"/>
  <testcase classname="paractice.selenium.InvocationCount" name="invocation" time="0.001"/>
  <testcase classname="paractice.selenium.InvocationCount" name="invocation" time="0.008"/>
  <testcase classname="paractice.selenium.InvocationCount" name="invocation" time="0.001"/>
  <testcase classname="paractice.selenium.InvocationCount" name="invocation" time="0.001"/>
  <testcase classname="paractice.selenium.InvocationCount" name="invocation" time="0.000"/>
  <testcase classname="paractice.selenium.InvocationCount" name="invocation" time="0.000"/>
  <testcase classname="paractice.selenium.InvocationCount" name="invocation" time="0.001"/>
</testsuite> <!-- paractice.selenium.InvocationCount -->
